<?xml version="1.0" encoding="UTF-8" ?>
<testsuite errors="0" failures="0" hostname="futurerists" name="src_tests.TestEmployeeDetails" skipped="0" tests="3" time="0.062" timestamp="2016-10-22T04:49:36">
  <properties>
[...]
</properties>
  <testcase classname="src_tests.TestEmployeeDetails" name="testAge" time="0.003" />
  <testcase classname="src_tests.TestEmployeeDetails" name="testCalculateYearlySalary" time="0.0" />
  <testcase classname="src_tests.TestEmployeeDetails" name="testCalculateAppriasal" time="0.0" />
  <system-out><![CDATA[EMMA: collecting runtime coverage data ...
]]></system-out>
  <system-err><![CDATA[]]></system-err>
</testsuite>
